<?xml version="1.0" encoding="UTF-8"?>
<!-- Generated by org.testng.reporters.JUnitXMLReporter -->
<testsuite hostname="DESKTOP-TQ2860U" name="Default test" tests="4" failures="0" timestamp="21 Apr 2021 06:19:58 GMT" time="1.103" errors="0">
  <testcase name="@BeforeClass setUp" time="0.0" classname="com.NetBanking.TestCases.TC_Excel_Login_002">
    <failure type="org.testng.TestNGException" message="
Parameter &amp;apos;browser&amp;apos; is required by @Configuration on method setUp but has not been marked @Optional or defined
in C:\Users\Kiran Gavahale\AppData\Local\Temp\testng-eclipse-699501210\testng-customsuite.xml">
      <![CDATA[org.testng.TestNGException: 
Parameter 'browser' is required by @Configuration on method setUp but has not been marked @Optional or defined
in C:\Users\Kiran Gavahale\AppData\Local\Temp\testng-eclipse-699501210\testng-customsuite.xml
	at org.testng.internal.Parameters.createParameters(Parameters.java:155)
	at org.testng.internal.Parameters.createParameters(Parameters.java:355)
	at org.testng.internal.Parameters.createConfigurationParameters(Parameters.java:86)
	at org.testng.internal.Invoker.invokeConfigurations(Invoker.java:199)
	at org.testng.internal.Invoker.invokeConfigurations(Invoker.java:138)
	at org.testng.internal.TestMethodWorker.invokeBeforeClassMethods(TestMethodWorker.java:175)
	at org.testng.internal.TestMethodWorker.run(TestMethodWorker.java:107)
	at org.testng.TestRunner.privateRun(TestRunner.java:767)
	at org.testng.TestRunner.run(TestRunner.java:617)
	at org.testng.SuiteRunner.runTest(SuiteRunner.java:334)
	at org.testng.SuiteRunner.runSequentially(SuiteRunner.java:329)
	at org.testng.SuiteRunner.privateRun(SuiteRunner.java:291)
	at org.testng.SuiteRunner.run(SuiteRunner.java:240)
	at org.testng.SuiteRunnerWorker.runSuite(SuiteRunnerWorker.java:52)
	at org.testng.SuiteRunnerWorker.run(SuiteRunnerWorker.java:86)
	at org.testng.TestNG.runSuitesSequentially(TestNG.java:1198)
	at org.testng.TestNG.runSuitesLocally(TestNG.java:1123)
	at org.testng.TestNG.run(TestNG.java:1031)
	at org.testng.remote.AbstractRemoteTestNG.run(AbstractRemoteTestNG.java:115)
	at org.testng.remote.RemoteTestNG.initAndRun(RemoteTestNG.java:251)
	at org.testng.remote.RemoteTestNG.main(RemoteTestNG.java:77)
]]>
    </failure>
  </testcase> <!-- @BeforeClass setUp -->
  <testcase name="@AfterClass tearDown" time="0.0" classname="com.NetBanking.TestCases.TC_Excel_Login_002">
    <skipped/>
  </testcase> <!-- @AfterClass tearDown -->
  <testcase name="loginDataProvider" time="0.01" classname="com.NetBanking.TestCases.TC_Excel_Login_002">
    <skipped/>
  </testcase> <!-- loginDataProvider -->
  <testcase name="loginDataProvider" time="0.003" classname="com.NetBanking.TestCases.TC_Excel_Login_002">
    <skipped/>
  </testcase> <!-- loginDataProvider -->
  <testcase name="loginDataProvider" time="0.001" classname="com.NetBanking.TestCases.TC_Excel_Login_002">
    <skipped/>
  </testcase> <!-- loginDataProvider -->
  <testcase name="loginDataProvider" time="0.004" classname="com.NetBanking.TestCases.TC_Excel_Login_002">
    <skipped/>
  </testcase> <!-- loginDataProvider -->
</testsuite> <!-- Default test -->
