<?xml version="1.0" encoding="UTF-8"?>
<testng-results skipped="0" failed="1" total="1" passed="0">
  <reporter-output>
  </reporter-output>
  <suite name="InterNetBanking" duration-ms="7520" started-at="2021-04-21T12:12:26Z" finished-at="2021-04-21T12:12:33Z">
    <groups>
    </groups>
    <test name="Banking Test" duration-ms="7520" started-at="2021-04-21T12:12:26Z" finished-at="2021-04-21T12:12:33Z">
      <class name="com.NetBanking.TestCases.TC_Excel_Login_002">
        <test-method status="PASS" signature="setUp(java.lang.String)[pri:0, instance:com.NetBanking.TestCases.TC_Excel_Login_002@4ae3c1cd]" name="setUp" is-config="true" duration-ms="6518" started-at="2021-04-21T17:42:26Z" finished-at="2021-04-21T17:42:33Z">
          <params>
            <param index="0">
              <value>
                <![CDATA[chrome]]>
              </value>
            </param>
          </params>
          <reporter-output>
          </reporter-output>
        </test-method> <!-- setUp -->
        <test-method status="FAIL" signature="loginDataProvider(java.lang.String, java.lang.String)[pri:0, instance:com.NetBanking.TestCases.TC_Excel_Login_002@4ae3c1cd]" name="loginDataProvider" duration-ms="0" started-at="2021-04-21T17:42:33Z" data-provider="login" finished-at="2021-04-21T17:42:33Z">
          <exception class="java.lang.RuntimeException">
            <message>
              <![CDATA[java.io.FileNotFoundException: C:\Users\Kiran Gavahale\.eclipse\NetBankingProjectC:\Users\Kiran Gavahale\.eclipse\NetBankingProject\src\test\java\com\NetBanking\TestDataBase\login.xlsx (The filename, directory name, or volume label syntax is incorrect)]]>
            </message>
            <full-stacktrace>
              <![CDATA[java.lang.RuntimeException: java.io.FileNotFoundException: C:\Users\Kiran Gavahale\.eclipse\NetBankingProjectC:\Users\Kiran Gavahale\.eclipse\NetBankingProject\src\test\java\com\NetBanking\TestDataBase\login.xlsx (The filename, directory name, or volume label syntax is incorrect)
	at org.testng.internal.MethodInvocationHelper.invokeDataProvider(MethodInvocationHelper.java:143)
	at org.testng.internal.Parameters.handleParameters(Parameters.java:426)
	at org.testng.internal.Invoker.handleParameters(Invoker.java:1383)
	at org.testng.internal.Invoker.createParameters(Invoker.java:1075)
	at org.testng.internal.Invoker.invokeTestMethods(Invoker.java:1180)
	at org.testng.internal.TestMethodWorker.invokeTestMethods(TestMethodWorker.java:127)
	at org.testng.internal.TestMethodWorker.run(TestMethodWorker.java:111)
	at org.testng.TestRunner.privateRun(TestRunner.java:767)
	at org.testng.TestRunner.run(TestRunner.java:617)
	at org.testng.SuiteRunner.runTest(SuiteRunner.java:334)
	at org.testng.SuiteRunner.runSequentially(SuiteRunner.java:329)
	at org.testng.SuiteRunner.privateRun(SuiteRunner.java:291)
	at org.testng.SuiteRunner.run(SuiteRunner.java:240)
	at org.testng.SuiteRunnerWorker.runSuite(SuiteRunnerWorker.java:52)
	at org.testng.SuiteRunnerWorker.run(SuiteRunnerWorker.java:86)
	at org.testng.TestNG.runSuitesSequentially(TestNG.java:1198)
	at org.testng.TestNG.runSuitesLocally(TestNG.java:1123)
	at org.testng.TestNG.run(TestNG.java:1031)
	at org.testng.remote.AbstractRemoteTestNG.run(AbstractRemoteTestNG.java:115)
	at org.testng.remote.RemoteTestNG.initAndRun(RemoteTestNG.java:251)
	at org.testng.remote.RemoteTestNG.main(RemoteTestNG.java:77)
Caused by: java.io.FileNotFoundException: C:\Users\Kiran Gavahale\.eclipse\NetBankingProjectC:\Users\Kiran Gavahale\.eclipse\NetBankingProject\src\test\java\com\NetBanking\TestDataBase\login.xlsx (The filename, directory name, or volume label syntax is incorrect)
	at java.io.FileInputStream.open0(Native Method)
	at java.io.FileInputStream.open(Unknown Source)
	at java.io.FileInputStream.<init>(Unknown Source)
	at java.io.FileInputStream.<init>(Unknown Source)
	at com.NetBanking.Utilities.XLUtils.getRowCount(XLUtils.java:26)
	at com.NetBanking.TestCases.TC_Excel_Login_002.getData(TC_Excel_Login_002.java:64)
	at sun.reflect.NativeMethodAccessorImpl.invoke0(Native Method)
	at sun.reflect.NativeMethodAccessorImpl.invoke(Unknown Source)
	at sun.reflect.DelegatingMethodAccessorImpl.invoke(Unknown Source)
	at java.lang.reflect.Method.invoke(Unknown Source)
	at org.testng.internal.MethodInvocationHelper.invokeMethod(MethodInvocationHelper.java:80)
	at org.testng.internal.MethodInvocationHelper.invokeDataProvider(MethodInvocationHelper.java:117)
	... 20 more
]]>
            </full-stacktrace>
          </exception> <!-- java.lang.RuntimeException -->
          <reporter-output>
          </reporter-output>
        </test-method> <!-- loginDataProvider -->
        <test-method status="PASS" signature="tearDown()[pri:0, instance:com.NetBanking.TestCases.TC_Excel_Login_002@4ae3c1cd]" name="tearDown" is-config="true" duration-ms="754" started-at="2021-04-21T17:42:33Z" finished-at="2021-04-21T17:42:33Z">
          <reporter-output>
          </reporter-output>
        </test-method> <!-- tearDown -->
      </class> <!-- com.NetBanking.TestCases.TC_Excel_Login_002 -->
    </test> <!-- Banking Test -->
  </suite> <!-- InterNetBanking -->
</testng-results>
